<?xml version="1.0" encoding="UTF-8"?>
<testng-results skipped="0" failed="1" ignored="0" total="9" passed="8">
  <reporter-output>
  </reporter-output>
  <suite name="Default suite" duration-ms="14506" started-at="2017-07-30T01:43:57Z" finished-at="2017-07-30T01:44:12Z">
    <groups>
    </groups>
    <test name="Default test" duration-ms="14506" started-at="2017-07-30T01:43:57Z" finished-at="2017-07-30T01:44:12Z">
      <class name="com.demo.testcase.demoTest">
        <test-method status="PASS" signature="setupCustomReport()[pri:0, instance:com.demo.testcase.demoTest@68c4039c]" name="setupCustomReport" is-config="true" duration-ms="12" started-at="2017-07-30T11:43:51Z" finished-at="2017-07-30T11:43:51Z">
          <reporter-output>
          </reporter-output>
        </test-method> <!-- setupCustomReport -->
        <test-method status="PASS" signature="setupBrowser()[pri:0, instance:com.demo.testcase.demoTest@68c4039c]" name="setupBrowser" is-config="true" duration-ms="6406" started-at="2017-07-30T11:43:51Z" depends-on-methods="com.demo.resources.BaseTest.setupCustomReport" finished-at="2017-07-30T11:43:57Z">
          <reporter-output>
          </reporter-output>
        </test-method> <!-- setupBrowser -->
        <test-method status="PASS" signature="todomvcTest1()[pri:0, instance:com.demo.testcase.demoTest@68c4039c]" name="todomvcTest1" duration-ms="6850" started-at="2017-07-30T11:43:57Z" finished-at="2017-07-30T11:44:04Z">
          <reporter-output>
          </reporter-output>
        </test-method> <!-- todomvcTest1 -->
        <test-method status="FAIL" signature="todomvcTest2()[pri:0, instance:com.demo.testcase.demoTest@68c4039c]" name="todomvcTest2" duration-ms="174" started-at="2017-07-30T11:44:04Z" finished-at="2017-07-30T11:44:04Z">
          <exception class="java.lang.AssertionError">
            <message>
              <![CDATA[Error in elementFeed:org.openqa.selenium.WebDriverException: unknown error: cannot focus element
  (Session info: chrome=59.0.3071.115)
  (Driver info: chromedriver=2.31.488774 (7e15618d1bf16df8bf0ecf2914ed1964a387ba0b),platform=Mac OS X 10.11.6 x86_64) (WARNING: The server did not provide any stacktrace information)
Command duration or timeout: 42 milliseconds
Build info: version: 'unknown', revision: 'unknown', time: 'unknown'
System info: host: 'Ravis-Mac-Air', ip: 'fe80:0:0:0:3636:3bff:fe7d:3650%en0', os.name: 'Mac OS X', os.arch: 'x86_64', os.version: '10.11.6', java.version: '1.8.0_131'
Driver info: org.openqa.selenium.chrome.ChromeDriver
Capabilities [{applicationCacheEnabled=false, rotatable=false, mobileEmulationEnabled=false, networkConnectionEnabled=false, chrome={chromedriverVersion=2.31.488774 (7e15618d1bf16df8bf0ecf2914ed1964a387ba0b), userDataDir=/var/folders/k2/h_mm1w4d3zl2stp9nd4hbx7r0000gn/T/.org.chromium.Chromium.liiZaS}, takesHeapSnapshot=true, pageLoadStrategy=normal, databaseEnabled=false, handlesAlerts=true, hasTouchScreen=false, version=59.0.3071.115, platform=MAC, browserConnectionEnabled=false, nativeEvents=true, acceptSslCerts=true, locationContextEnabled=true, webStorageEnabled=true, browserName=chrome, takesScreenshot=true, javascriptEnabled=true, cssSelectorsEnabled=true, setWindowRect=true, unexpectedAlertBehaviour=}]
Session ID: f6529917c05981de4def89789f115001]]>
            </message>
            <full-stacktrace>
              <![CDATA[java.lang.AssertionError: Error in elementFeed:org.openqa.selenium.WebDriverException: unknown error: cannot focus element
  (Session info: chrome=59.0.3071.115)
  (Driver info: chromedriver=2.31.488774 (7e15618d1bf16df8bf0ecf2914ed1964a387ba0b),platform=Mac OS X 10.11.6 x86_64) (WARNING: The server did not provide any stacktrace information)
Command duration or timeout: 42 milliseconds
Build info: version: 'unknown', revision: 'unknown', time: 'unknown'
System info: host: 'Ravis-Mac-Air', ip: 'fe80:0:0:0:3636:3bff:fe7d:3650%en0', os.name: 'Mac OS X', os.arch: 'x86_64', os.version: '10.11.6', java.version: '1.8.0_131'
Driver info: org.openqa.selenium.chrome.ChromeDriver
Capabilities [{applicationCacheEnabled=false, rotatable=false, mobileEmulationEnabled=false, networkConnectionEnabled=false, chrome={chromedriverVersion=2.31.488774 (7e15618d1bf16df8bf0ecf2914ed1964a387ba0b), userDataDir=/var/folders/k2/h_mm1w4d3zl2stp9nd4hbx7r0000gn/T/.org.chromium.Chromium.liiZaS}, takesHeapSnapshot=true, pageLoadStrategy=normal, databaseEnabled=false, handlesAlerts=true, hasTouchScreen=false, version=59.0.3071.115, platform=MAC, browserConnectionEnabled=false, nativeEvents=true, acceptSslCerts=true, locationContextEnabled=true, webStorageEnabled=true, browserName=chrome, takesScreenshot=true, javascriptEnabled=true, cssSelectorsEnabled=true, setWindowRect=true, unexpectedAlertBehaviour=}]
Session ID: f6529917c05981de4def89789f115001
	at org.testng.Assert.fail(Assert.java:93)
	at com.demo.resources.BaseTest.reportFail(BaseTest.java:137)
	at com.demo.resources.BaseTest.elementFeed(BaseTest.java:115)
	at com.demo.testcase.demoTest.todomvcTest2(demoTest.java:37)
	at sun.reflect.NativeMethodAccessorImpl.invoke0(Native Method)
	at sun.reflect.NativeMethodAccessorImpl.invoke(NativeMethodAccessorImpl.java:62)
	at sun.reflect.DelegatingMethodAccessorImpl.invoke(DelegatingMethodAccessorImpl.java:43)
	at java.lang.reflect.Method.invoke(Method.java:498)
	at org.testng.internal.MethodInvocationHelper.invokeMethod(MethodInvocationHelper.java:108)
	at org.testng.internal.Invoker.invokeMethod(Invoker.java:661)
	at org.testng.internal.Invoker.invokeTestMethod(Invoker.java:869)
	at org.testng.internal.Invoker.invokeTestMethods(Invoker.java:1193)
	at org.testng.internal.TestMethodWorker.invokeTestMethods(TestMethodWorker.java:126)
	at org.testng.internal.TestMethodWorker.run(TestMethodWorker.java:109)
	at org.testng.TestRunner.privateRun(TestRunner.java:744)
	at org.testng.TestRunner.run(TestRunner.java:602)
	at org.testng.SuiteRunner.runTest(SuiteRunner.java:380)
	at org.testng.SuiteRunner.runSequentially(SuiteRunner.java:375)
	at org.testng.SuiteRunner.privateRun(SuiteRunner.java:340)
	at org.testng.SuiteRunner.run(SuiteRunner.java:289)
	at org.testng.SuiteRunnerWorker.runSuite(SuiteRunnerWorker.java:52)
	at org.testng.SuiteRunnerWorker.run(SuiteRunnerWorker.java:86)
	at org.testng.TestNG.runSuitesSequentially(TestNG.java:1301)
	at org.testng.TestNG.runSuitesLocally(TestNG.java:1226)
	at org.testng.TestNG.runSuites(TestNG.java:1144)
	at org.testng.TestNG.run(TestNG.java:1115)
	at org.testng.remote.AbstractRemoteTestNG.run(AbstractRemoteTestNG.java:132)
	at org.testng.remote.RemoteTestNG.initAndRun(RemoteTestNG.java:230)
	at org.testng.remote.RemoteTestNG.main(RemoteTestNG.java:76)
]]>
            </full-stacktrace>
          </exception> <!-- java.lang.AssertionError -->
          <reporter-output>
          </reporter-output>
        </test-method> <!-- todomvcTest2 -->
        <test-method status="PASS" signature="todomvcTest3()[pri:0, instance:com.demo.testcase.demoTest@68c4039c]" name="todomvcTest3" duration-ms="157" started-at="2017-07-30T11:44:04Z" finished-at="2017-07-30T11:44:04Z">
          <reporter-output>
          </reporter-output>
        </test-method> <!-- todomvcTest3 -->
        <test-method status="PASS" signature="todomvcTest4()[pri:0, instance:com.demo.testcase.demoTest@68c4039c]" name="todomvcTest4" duration-ms="88" started-at="2017-07-30T11:44:04Z" finished-at="2017-07-30T11:44:04Z">
          <reporter-output>
          </reporter-output>
        </test-method> <!-- todomvcTest4 -->
        <test-method status="PASS" signature="todomvcTest5()[pri:0, instance:com.demo.testcase.demoTest@68c4039c]" name="todomvcTest5" duration-ms="2157" started-at="2017-07-30T11:44:04Z" finished-at="2017-07-30T11:44:07Z">
          <reporter-output>
          </reporter-output>
        </test-method> <!-- todomvcTest5 -->
        <test-method status="PASS" signature="todomvcTest6()[pri:0, instance:com.demo.testcase.demoTest@68c4039c]" name="todomvcTest6" duration-ms="155" started-at="2017-07-30T11:44:07Z" finished-at="2017-07-30T11:44:07Z">
          <reporter-output>
          </reporter-output>
        </test-method> <!-- todomvcTest6 -->
        <test-method status="PASS" signature="todomvcTest7()[pri:0, instance:com.demo.testcase.demoTest@68c4039c]" name="todomvcTest7" duration-ms="2347" started-at="2017-07-30T11:44:07Z" finished-at="2017-07-30T11:44:09Z">
          <reporter-output>
          </reporter-output>
        </test-method> <!-- todomvcTest7 -->
        <test-method status="PASS" signature="todomvcTest8()[pri:0, instance:com.demo.testcase.demoTest@68c4039c]" name="todomvcTest8" duration-ms="2386" started-at="2017-07-30T11:44:09Z" finished-at="2017-07-30T11:44:11Z">
          <reporter-output>
          </reporter-output>
        </test-method> <!-- todomvcTest8 -->
        <test-method status="PASS" signature="todomvcTest9()[pri:0, instance:com.demo.testcase.demoTest@68c4039c]" name="todomvcTest9" duration-ms="158" started-at="2017-07-30T11:44:11Z" finished-at="2017-07-30T11:44:12Z">
          <reporter-output>
          </reporter-output>
        </test-method> <!-- todomvcTest9 -->
        <test-method status="PASS" signature="closeBrowser()[pri:0, instance:com.demo.testcase.demoTest@68c4039c]" name="closeBrowser" is-config="true" duration-ms="84" started-at="2017-07-30T11:44:12Z" finished-at="2017-07-30T11:44:12Z">
          <reporter-output>
          </reporter-output>
        </test-method> <!-- closeBrowser -->
        <test-method status="PASS" signature="updatingCustomReport()[pri:0, instance:com.demo.testcase.demoTest@68c4039c]" name="updatingCustomReport" is-config="true" duration-ms="0" started-at="2017-07-30T11:44:12Z" depends-on-methods="com.demo.testcase.demoTest.closeBrowser" finished-at="2017-07-30T11:44:12Z">
          <reporter-output>
          </reporter-output>
        </test-method> <!-- updatingCustomReport -->
      </class> <!-- com.demo.testcase.demoTest -->
    </test> <!-- Default test -->
  </suite> <!-- Default suite -->
</testng-results>
