<?xml version="1.0" encoding="UTF-8"?>
<!-- Generated by org.testng.reporters.JUnitReportReporter -->
<testsuite skipped="0" hostname="Ravis-Mac-Air" name="com.demo.testcase.demoTest" tests="9" failures="1" timestamp="30 Jul 2017 01:44:12 GMT" time="14.472" errors="0">
  <testcase name="todomvcTest3" time="0.157" classname="com.demo.testcase.demoTest"/>
  <testcase name="todomvcTest2" time="0.174" classname="com.demo.testcase.demoTest">
    <failure type="java.lang.AssertionError" message="Error in elementFeed:org.openqa.selenium.WebDriverException: unknown error: cannot focus element
  (Session info: chrome=59.0.3071.115)
  (Driver info: chromedriver=2.31.488774 (7e15618d1bf16df8bf0ecf2914ed1964a387ba0b),platform=Mac OS X 10.11.6 x86_64) (WARNING: The server did not provide any stacktrace information)
Command duration or timeout: 42 milliseconds
Build info: version: &#039;unknown&#039;, revision: &#039;unknown&#039;, time: &#039;unknown&#039;
System info: host: &#039;Ravis-Mac-Air&#039;, ip: &#039;fe80:0:0:0:3636:3bff:fe7d:3650%en0&#039;, os.name: &#039;Mac OS X&#039;, os.arch: &#039;x86_64&#039;, os.version: &#039;10.11.6&#039;, java.version: &#039;1.8.0_131&#039;
Driver info: org.openqa.selenium.chrome.ChromeDriver
Capabilities [{applicationCacheEnabled=false, rotatable=false, mobileEmulationEnabled=false, networkConnectionEnabled=false, chrome={chromedriverVersion=2.31.488774 (7e15618d1bf16df8bf0ecf2914ed1964a387ba0b), userDataDir=/var/folders/k2/h_mm1w4d3zl2stp9nd4hbx7r0000gn/T/.org.chromium.Chromium.liiZaS}, takesHeapSnapshot=true, pageLoadStrategy=normal, databaseEnabled=false, handlesAlerts=true, hasTouchScreen=false, version=59.0.3071.115, platform=MAC, browserConnectionEnabled=false, nativeEvents=true, acceptSslCerts=true, locationContextEnabled=true, webStorageEnabled=true, browserName=chrome, takesScreenshot=true, javascriptEnabled=true, cssSelectorsEnabled=true, setWindowRect=true, unexpectedAlertBehaviour=}]
Session ID: f6529917c05981de4def89789f115001">
      <![CDATA[java.lang.AssertionError: Error in elementFeed:org.openqa.selenium.WebDriverException: unknown error: cannot focus element
  (Session info: chrome=59.0.3071.115)
  (Driver info: chromedriver=2.31.488774 (7e15618d1bf16df8bf0ecf2914ed1964a387ba0b),platform=Mac OS X 10.11.6 x86_64) (WARNING: The server did not provide any stacktrace information)
Command duration or timeout: 42 milliseconds
Build info: version: 'unknown', revision: 'unknown', time: 'unknown'
System info: host: 'Ravis-Mac-Air', ip: 'fe80:0:0:0:3636:3bff:fe7d:3650%en0', os.name: 'Mac OS X', os.arch: 'x86_64', os.version: '10.11.6', java.version: '1.8.0_131'
Driver info: org.openqa.selenium.chrome.ChromeDriver
Capabilities [{applicationCacheEnabled=false, rotatable=false, mobileEmulationEnabled=false, networkConnectionEnabled=false, chrome={chromedriverVersion=2.31.488774 (7e15618d1bf16df8bf0ecf2914ed1964a387ba0b), userDataDir=/var/folders/k2/h_mm1w4d3zl2stp9nd4hbx7r0000gn/T/.org.chromium.Chromium.liiZaS}, takesHeapSnapshot=true, pageLoadStrategy=normal, databaseEnabled=false, handlesAlerts=true, hasTouchScreen=false, version=59.0.3071.115, platform=MAC, browserConnectionEnabled=false, nativeEvents=true, acceptSslCerts=true, locationContextEnabled=true, webStorageEnabled=true, browserName=chrome, takesScreenshot=true, javascriptEnabled=true, cssSelectorsEnabled=true, setWindowRect=true, unexpectedAlertBehaviour=}]
Session ID: f6529917c05981de4def89789f115001
	at org.testng.Assert.fail(Assert.java:93)
	at com.demo.resources.BaseTest.reportFail(BaseTest.java:137)
	at com.demo.resources.BaseTest.elementFeed(BaseTest.java:115)
	at com.demo.testcase.demoTest.todomvcTest2(demoTest.java:37)
	at sun.reflect.NativeMethodAccessorImpl.invoke0(Native Method)
	at sun.reflect.NativeMethodAccessorImpl.invoke(NativeMethodAccessorImpl.java:62)
	at sun.reflect.DelegatingMethodAccessorImpl.invoke(DelegatingMethodAccessorImpl.java:43)
	at java.lang.reflect.Method.invoke(Method.java:498)
	at org.testng.internal.MethodInvocationHelper.invokeMethod(MethodInvocationHelper.java:108)
	at org.testng.internal.Invoker.invokeMethod(Invoker.java:661)
	at org.testng.internal.Invoker.invokeTestMethod(Invoker.java:869)
	at org.testng.internal.Invoker.invokeTestMethods(Invoker.java:1193)
	at org.testng.internal.TestMethodWorker.invokeTestMethods(TestMethodWorker.java:126)
	at org.testng.internal.TestMethodWorker.run(TestMethodWorker.java:109)
	at org.testng.TestRunner.privateRun(TestRunner.java:744)
	at org.testng.TestRunner.run(TestRunner.java:602)
	at org.testng.SuiteRunner.runTest(SuiteRunner.java:380)
	at org.testng.SuiteRunner.runSequentially(SuiteRunner.java:375)
	at org.testng.SuiteRunner.privateRun(SuiteRunner.java:340)
	at org.testng.SuiteRunner.run(SuiteRunner.java:289)
	at org.testng.SuiteRunnerWorker.runSuite(SuiteRunnerWorker.java:52)
	at org.testng.SuiteRunnerWorker.run(SuiteRunnerWorker.java:86)
	at org.testng.TestNG.runSuitesSequentially(TestNG.java:1301)
	at org.testng.TestNG.runSuitesLocally(TestNG.java:1226)
	at org.testng.TestNG.runSuites(TestNG.java:1144)
	at org.testng.TestNG.run(TestNG.java:1115)
	at org.testng.remote.AbstractRemoteTestNG.run(AbstractRemoteTestNG.java:132)
	at org.testng.remote.RemoteTestNG.initAndRun(RemoteTestNG.java:230)
	at org.testng.remote.RemoteTestNG.main(RemoteTestNG.java:76)
]]>
    </failure>
  </testcase> <!-- todomvcTest2 -->
  <testcase name="todomvcTest1" time="6.850" classname="com.demo.testcase.demoTest"/>
  <testcase name="todomvcTest6" time="0.155" classname="com.demo.testcase.demoTest"/>
  <testcase name="todomvcTest9" time="0.158" classname="com.demo.testcase.demoTest"/>
  <testcase name="todomvcTest7" time="2.347" classname="com.demo.testcase.demoTest"/>
  <testcase name="todomvcTest8" time="2.386" classname="com.demo.testcase.demoTest"/>
  <testcase name="todomvcTest5" time="2.157" classname="com.demo.testcase.demoTest"/>
  <testcase name="todomvcTest4" time="0.088" classname="com.demo.testcase.demoTest"/>
</testsuite> <!-- com.demo.testcase.demoTest -->
