<html>
<head>
<title>TestNG:  demoTestOne</title>
<link href="../testng.css" rel="stylesheet" type="text/css" />
<link href="../my-testng.css" rel="stylesheet" type="text/css" />

<style type="text/css">
.log { display: none;} 
.stack-trace { display: none;} 
</style>
<script type="text/javascript">
<!--
function flip(e) {
  current = e.style.display;
  if (current == 'block') {
    e.style.display = 'none';
    return 0;
  }
  else {
    e.style.display = 'block';
    return 1;
  }
}

function toggleBox(szDivId, elem, msg1, msg2)
{
  var res = -1;  if (document.getElementById) {
    res = flip(document.getElementById(szDivId));
  }
  else if (document.all) {
    // this is the way old msie versions work
    res = flip(document.all[szDivId]);
  }
  if(elem) {
    if(res == 0) elem.innerHTML = msg1; else elem.innerHTML = msg2;
  }

}

function toggleAllBoxes() {
  if (document.getElementsByTagName) {
    d = document.getElementsByTagName('div');
    for (i = 0; i < d.length; i++) {
      if (d[i].className == 'log') {
        flip(d[i]);
      }
    }
  }
}

// -->
</script>

</head>
<body>
<h2 align='center'>demoTestOne</h2><table border='1' align="center">
<tr>
<td>Tests passed/Failed/Skipped:</td><td>8/1/0</td>
</tr><tr>
<td>Started on:</td><td>Sun Jul 30 10:46:27 AEST 2017</td>
</tr>
<tr><td>Total time:</td><td>36 seconds (36272 ms)</td>
</tr><tr>
<td>Included groups:</td><td></td>
</tr><tr>
<td>Excluded groups:</td><td></td>
</tr>
</table><p/>
<small><i>(Hover the method name to see the test class name)</i></small><p/>
<table width='100%' border='1' class='invocation-failed'>
<tr><td colspan='4' align='center'><b>FAILED TESTS</b></td></tr>
<tr><td><b>Test method</b></td>
<td width="30%"><b>Exception</b></td>
<td width="10%"><b>Time (seconds)</b></td>
<td><b>Instance</b></td>
</tr>
<tr>
<td title='com.demo.testcase.demoTest.todomvcTest8()'><b>todomvcTest8</b><br>Test class: com.demo.testcase.demoTest</td>
<td><div><pre>java.lang.AssertionError: Error in elementClick:org.openqa.selenium.TimeoutException: Expected condition failed: waiting for element to be clickable: By.xpath: //button[@ng-click=&apos;removeTodo(todo)&apos;] (tried for 20 second(s) with 500 MILLISECONDS interval)
Build info: version: &apos;unknown&apos;, revision: &apos;unknown&apos;, time: &apos;unknown&apos;
System info: host: &apos;MacBook-Pro-3&apos;, ip: &apos;fe80:0:0:0:182b:568a:640e:2e33%en0&apos;, os.name: &apos;Mac OS X&apos;, os.arch: &apos;x86_64&apos;, os.version: &apos;10.12.5&apos;, java.version: &apos;1.8.0_131&apos;
Driver info: org.openqa.selenium.firefox.FirefoxDriver
Capabilities [{moz:profile=/var/folders/m9/f02lyg115sgf2028w41wn2hw0000gn/T/rust_mozprofile.ctZrKzrfUJqy, rotatable=false, timeouts={implicit=0.0, pageLoad=300000.0, script=30000.0}, pageLoadStrategy=normal, platform=ANY, specificationLevel=0.0, moz:accessibilityChecks=false, acceptInsecureCerts=false, browserVersion=54.0.1, platformVersion=16.6.0, moz:processID=1962.0, browserName=firefox, javascriptEnabled=true, platformName=darwin}]
Session ID: 30746851-6dae-b447-ae22-477478e0eb69
	at com.demo.resources.BaseTest.reportFail(BaseTest.java:137)
	at com.demo.resources.BaseTest.elementClick(BaseTest.java:94)
	at com.demo.testcase.demoTest.todomvcTest8(demoTest.java:72)
	at java.util.concurrent.FutureTask.run(FutureTask.java:266)
	at java.util.concurrent.ThreadPoolExecutor.runWorker(ThreadPoolExecutor.java:1142)
	at java.util.concurrent.ThreadPoolExecutor$Worker.run(ThreadPoolExecutor.java:617)
	at java.lang.Thread.run(Thread.java:748)
... Removed 17 stack frames</pre></div><a href='#' onClick='toggleBox("stack-trace1383178079", this, "Click to show all stack frames", "Click to hide stack frames")'>Click to show all stack frames</a>
<div class='stack-trace' id='stack-trace1383178079'><pre>java.lang.AssertionError: Error in elementClick:org.openqa.selenium.TimeoutException: Expected condition failed: waiting for element to be clickable: By.xpath: //button[@ng-click=&apos;removeTodo(todo)&apos;] (tried for 20 second(s) with 500 MILLISECONDS interval)
Build info: version: &apos;unknown&apos;, revision: &apos;unknown&apos;, time: &apos;unknown&apos;
System info: host: &apos;MacBook-Pro-3&apos;, ip: &apos;fe80:0:0:0:182b:568a:640e:2e33%en0&apos;, os.name: &apos;Mac OS X&apos;, os.arch: &apos;x86_64&apos;, os.version: &apos;10.12.5&apos;, java.version: &apos;1.8.0_131&apos;
Driver info: org.openqa.selenium.firefox.FirefoxDriver
Capabilities [{moz:profile=/var/folders/m9/f02lyg115sgf2028w41wn2hw0000gn/T/rust_mozprofile.ctZrKzrfUJqy, rotatable=false, timeouts={implicit=0.0, pageLoad=300000.0, script=30000.0}, pageLoadStrategy=normal, platform=ANY, specificationLevel=0.0, moz:accessibilityChecks=false, acceptInsecureCerts=false, browserVersion=54.0.1, platformVersion=16.6.0, moz:processID=1962.0, browserName=firefox, javascriptEnabled=true, platformName=darwin}]
Session ID: 30746851-6dae-b447-ae22-477478e0eb69
	at org.testng.Assert.fail(Assert.java:93)
	at com.demo.resources.BaseTest.reportFail(BaseTest.java:137)
	at com.demo.resources.BaseTest.elementClick(BaseTest.java:94)
	at com.demo.testcase.demoTest.todomvcTest8(demoTest.java:72)
	at sun.reflect.NativeMethodAccessorImpl.invoke0(Native Method)
	at sun.reflect.NativeMethodAccessorImpl.invoke(NativeMethodAccessorImpl.java:62)
	at sun.reflect.DelegatingMethodAccessorImpl.invoke(DelegatingMethodAccessorImpl.java:43)
	at java.lang.reflect.Method.invoke(Method.java:498)
	at org.testng.internal.MethodInvocationHelper.invokeMethod(MethodInvocationHelper.java:108)
	at org.testng.internal.Invoker.invokeMethod(Invoker.java:661)
	at org.testng.internal.Invoker.invokeTestMethod(Invoker.java:869)
	at org.testng.internal.Invoker.invokeTestMethods(Invoker.java:1193)
	at org.testng.internal.TestMethodWorker.invokeTestMethods(TestMethodWorker.java:126)
	at org.testng.internal.TestMethodWorker.run(TestMethodWorker.java:109)
	at org.testng.TestRunner.privateRun(TestRunner.java:744)
	at org.testng.TestRunner.run(TestRunner.java:602)
	at org.testng.SuiteRunner.runTest(SuiteRunner.java:380)
	at org.testng.SuiteRunner.access$000(SuiteRunner.java:39)
	at org.testng.SuiteRunner$SuiteWorker.run(SuiteRunner.java:414)
	at org.testng.internal.thread.ThreadUtil$1.call(ThreadUtil.java:52)
	at java.util.concurrent.FutureTask.run(FutureTask.java:266)
	at java.util.concurrent.ThreadPoolExecutor.runWorker(ThreadPoolExecutor.java:1142)
	at java.util.concurrent.ThreadPoolExecutor$Worker.run(ThreadPoolExecutor.java:617)
	at java.lang.Thread.run(Thread.java:748)
</pre></div></td>
<td>22</td>
<td>com.demo.testcase.demoTest@3e6fa38a</td></tr>
</table><p>
<table width='100%' border='1' class='invocation-passed'>
<tr><td colspan='4' align='center'><b>PASSED TESTS</b></td></tr>
<tr><td><b>Test method</b></td>
<td width="30%"><b>Exception</b></td>
<td width="10%"><b>Time (seconds)</b></td>
<td><b>Instance</b></td>
</tr>
<tr>
<td title='com.demo.testcase.demoTest.todomvcTest1()'><b>todomvcTest1</b><br>Test class: com.demo.testcase.demoTest</td>
<td></td>
<td>6</td>
<td>com.demo.testcase.demoTest@3e6fa38a</td></tr>
<tr>
<td title='com.demo.testcase.demoTest.todomvcTest2()'><b>todomvcTest2</b><br>Test class: com.demo.testcase.demoTest</td>
<td></td>
<td>2</td>
<td>com.demo.testcase.demoTest@3e6fa38a</td></tr>
<tr>
<td title='com.demo.testcase.demoTest.todomvcTest3()'><b>todomvcTest3</b><br>Test class: com.demo.testcase.demoTest</td>
<td></td>
<td>0</td>
<td>com.demo.testcase.demoTest@3e6fa38a</td></tr>
<tr>
<td title='com.demo.testcase.demoTest.todomvcTest4()'><b>todomvcTest4</b><br>Test class: com.demo.testcase.demoTest</td>
<td></td>
<td>0</td>
<td>com.demo.testcase.demoTest@3e6fa38a</td></tr>
<tr>
<td title='com.demo.testcase.demoTest.todomvcTest5()'><b>todomvcTest5</b><br>Test class: com.demo.testcase.demoTest</td>
<td></td>
<td>2</td>
<td>com.demo.testcase.demoTest@3e6fa38a</td></tr>
<tr>
<td title='com.demo.testcase.demoTest.todomvcTest6()'><b>todomvcTest6</b><br>Test class: com.demo.testcase.demoTest</td>
<td></td>
<td>0</td>
<td>com.demo.testcase.demoTest@3e6fa38a</td></tr>
<tr>
<td title='com.demo.testcase.demoTest.todomvcTest7()'><b>todomvcTest7</b><br>Test class: com.demo.testcase.demoTest</td>
<td></td>
<td>2</td>
<td>com.demo.testcase.demoTest@3e6fa38a</td></tr>
<tr>
<td title='com.demo.testcase.demoTest.todomvcTest9()'><b>todomvcTest9</b><br>Test class: com.demo.testcase.demoTest</td>
<td></td>
<td>0</td>
<td>com.demo.testcase.demoTest@3e6fa38a</td></tr>
</table><p>
</body>
</html>